#
# A fatal error has been detected by the Java Runtime Environment:
#
#  SIGSEGV (0xb) at pc=0x000000012419c916, pid=21460, tid=0x0000000000000a0b
#
# JRE version: Java(TM) SE Runtime Environment (8.0_101-b13) (build 1.8.0_101-b13)
# Java VM: Java HotSpot(TM) 64-Bit Server VM (25.101-b13 mixed mode bsd-amd64 compressed oops)
# Problematic frame:
# C  [libglass.dylib+0x23916]  -[GlassWindow(Java) _sendJavaWindowMoveEventForFrame:]+0xf6
#
# Failed to write core dump. Core dumps have been disabled. To enable core dumping, try "ulimit -c unlimited" before starting Java again
#
# If you would like to submit a bug report, please visit:
#   http://bugreport.java.com/bugreport/crash.jsp
#

---------------  T H R E A D  ---------------

Current thread is native thread

siginfo: si_signo: 11 (SIGSEGV), si_code: 1 (SEGV_MAPERR), si_addr: 0x0000000000000000

Registers:
RAX=0x00000001241c2550, RBX=0x0000000000000000, RCX=0x0000000000000000, RDX=0x0000000000000000
RSP=0x00007fff553cbda0, RBP=0x00007fff553cc1e0, RSI=0x0000000000000000, RDI=0x0000000000000000
R8 =0x0000000000000000, R9 =0x00007f8f9a800000, R10=0x0000000000001200, R11=0x0000000000000000
R12=0x00007fff7e8d9070, R13=0x00007fff553cc1f0, R14=0x00007f8f9cb6e7f0, R15=0x00007f8f9a8062f8
RIP=0x000000012419c916, EFLAGS=0x0000000000010202, ERR=0x0000000000000004
  TRAPNO=0x000000000000000e

Top of Stack: (sp=0x00007fff553cbda0)
0x00007fff553cbda0:   40f3c18000000000 00007f8f9a806200
0x00007fff553cbdb0:   000000012419c8cd 000000012419e0b1
0x00007fff553cbdc0:   00007fff94cbbbbc 00007fff94cbbb4f
0x00007fff553cbdd0:   00007fff94cbbac7 00007fff94cbb832
0x00007fff553cbde0:   00007fff94c785e2 00007fff94c77835
0x00007fff553cbdf0:   00007fff8c352fda 00007fff9dbb8b4e
0x00007fff553cbe00:   00007fff9dbb7d8c 00007fff9dbb7ca7
0x00007fff553cbe10:   00007fff9dd24fa5 00007fff9dc21429
0x00007fff553cbe20:   00007fff9dd24699 00007fff9de23d41
0x00007fff553cbe30:   00007fff9e3fad1e 00007fff9e3faa81
0x00007fff553cbe40:   00007fff9e315fb7 00007fffa11a562f
0x00007fff553cbe50:   00007fffa11a55d0 00007fff9c71140b
0x00007fff553cbe60:   00007fff9c724c1c 00007fff94ce59e9
0x00007fff553cbe70:   00007fff94ca48dd 00007fff94ca3ed8
0x00007fff553cbe80:   000000010a836465 000000010a83218c
0x00007fff553cbe90:   000000010a8384c2 000000010a8319e4
0x00007fff553cbea0:   0000000000000005 00007f8f9cb6e7f0
0x00007fff553cbeb0:   00007fff7d89f500 0000000000000000
0x00007fff553cbec0:   00007f8f9a642870 00007f8f9cb6e7f0
0x00007fff553cbed0:   00007fff7d89f500 00007f8f9a73f7b0
0x00007fff553cbee0:   00007f8f9a462070 0000000000000000
0x00007fff553cbef0:   00007f8f9a462060 00007fff9507d5ab
0x00007fff553cbf00:   00007fff553cbf50 00007fff8c360258
0x00007fff553cbf10:   0000000000000000 00007f8f9a642750
0x00007fff553cbf20:   00007fff553cc040 00007fff8c67cb00
0x00007fff553cbf30:   00007fff553cbf50 00007fff8bc8e4c0
0x00007fff553cbf40:   00007fff553cc040 00007fff8c67cb00
0x00007fff553cbf50:   00007fff553cbf70 00007fff9daa7ae2
0x00007fff553cbf60:   4089000000000000 00007fff553cbfb8
0x00007fff553cbf70:   00007fff553cbff0 00007fff9daa7a3b
0x00007fff553cbf80:   00007fff7f3af420 0000000000000000
0x00007fff553cbf90:   5b0054a648a56686 00007fff553cc040 

Instructions: (pc=0x000000012419c916)
0x000000012419c8f6:   00 00 49 83 c7 08 ff cb 75 f0 48 8b bd c8 fb ff
0x000000012419c906:   ff e8 e2 81 00 00 48 8d 05 3d 5c 02 00 48 8b 38
0x000000012419c916:   48 8b 1f 48 8d 05 80 2c 02 00 48 8b 00 49 8b 34
0x000000012419c926:   06 48 8d 05 7a 5c 02 00 48 8b 10 f2 41 0f 2c 4d 

Register to memory mapping:

RAX=0x00000001241c2550: jEnv+0 in /Library/Java/JavaVirtualMachines/jdk1.8.0_101.jdk/Contents/Home/jre/lib/libglass.dylib at 0x0000000124179000
RBX=0x0000000000000000 is an unknown value
RCX=0x0000000000000000 is an unknown value
RDX=0x0000000000000000 is an unknown value
RSP=0x00007fff553cbda0 is an unknown value
RBP=0x00007fff553cc1e0 is an unknown value
RSI=0x0000000000000000 is an unknown value
RDI=0x0000000000000000 is an unknown value
R8 =0x0000000000000000 is an unknown value
R9 =0x00007f8f9a800000 is an unknown value
R10=0x0000000000001200 is an unknown value
R11=0x0000000000000000 is an unknown value
R12=0x00007fff7e8d9070: __stack_chk_guard+0 in /usr/lib/system/libsystem_c.dylib at 0x00007fff9d905000
R13=0x00007fff553cc1f0 is an unknown value
R14=0x00007f8f9cb6e7f0 is an unknown value
R15=0x00007f8f9a8062f8 is an unknown value


Stack: [0x00007fff54bd0000,0x00007fff553d0000],  sp=0x00007fff553cbda0,  free space=8175k
Native frames: (J=compiled Java code, j=interpreted, Vv=VM code, C=native code)
C  [libglass.dylib+0x23916]  -[GlassWindow(Java) _sendJavaWindowMoveEventForFrame:]+0xf6
C  [libglass.dylib+0x250b1]  -[GlassWindow(Overrides) windowDidResize:]+0x91
C  [CoreFoundation+0xa0bbc]  __CFNOTIFICATIONCENTER_IS_CALLING_OUT_TO_AN_OBSERVER__+0xc
C  [CoreFoundation+0xa0b4f]  ___CFXRegistrationPost_block_invoke+0x3f
C  [CoreFoundation+0xa0ac7]  _CFXRegistrationPost+0x197
C  [CoreFoundation+0xa0832]  ___CFXNotificationPost_block_invoke+0x32
C  [CoreFoundation+0x5d5e2]  -[_CFXNotificationRegistrar find:object:observer:enumerator:]+0x782
C  [CoreFoundation+0x5c835]  _CFXNotificationPost+0x2b5
C  [Foundation+0x6fda]  -[NSNotificationCenter postNotificationName:object:userInfo:]+0x42
C  [AppKit+0x11ab4e]  -[NSWindow _setFrameCommon:display:stashSize:]+0xdb3
C  [AppKit+0x119d8c]  -[NSWindow _setFrame:display:allowImplicitAnimation:stashSize:]+0xde
C  [AppKit+0x119ca7]  -[NSWindow setFrame:display:]+0x43
C  [AppKit+0x286fa5]  __25-[NSWindow setStyleMask:]_block_invoke+0x8c1
C  [AppKit+0x183429]  NSPerformVisuallyAtomicChange+0x93
C  [AppKit+0x286699]  -[NSWindow setStyleMask:]+0xde
C  [AppKit+0x385d41]  -[NSWindow _didExitFullScreen:]+0x135
C  [AppKit+0x95cd1e]  __123-[_NSWindowFullScreenTransition _performExitFullScreenModeForWindow:windowController:options:customWindows:doKitAnimation:]_block_invoke_2+0x18d
C  [AppKit+0x95ca81]  __123-[_NSWindowFullScreenTransition _performExitFullScreenModeForWindow:windowController:options:customWindows:doKitAnimation:]_block_invoke+0x514
C  [AppKit+0x877fb7]  __177-[NSDockConnection(FullScreenMessages) sendFullScreenExitForTransition:synchronous:window:exitForClose:backgroundWindows:participatingWindows:customAnimation:completionHandler:]_block_invoke+0x3c
C  [libxpc.dylib+0xa62f]  _xpc_connection_reply_callout+0x1a
C  [libxpc.dylib+0xa5d0]  _xpc_connection_call_reply+0x24
C  [libdispatch.dylib+0x240b]  _dispatch_client_callout+0x8
C  [libdispatch.dylib+0x15c1c]  _dispatch_main_queue_callback_4CF+0x695
C  [CoreFoundation+0xca9e9]  __CFRUNLOOP_IS_SERVICING_THE_MAIN_DISPATCH_QUEUE__+0x9
C  [CoreFoundation+0x898dd]  __CFRunLoopRun+0x79d
C  [CoreFoundation+0x88ed8]  CFRunLoopRunSpecific+0x128
C  [java+0x6465]  CreateExecutionEnvironment+0x367
C  [java+0x218c]  JLI_Launch+0x7a0
C  [java+0x84c2]  main+0x65
C  [java+0x19e4]  start+0x34


---------------  P R O C E S S  ---------------

VM state:at safepoint (normal execution)

VM Mutex/Monitor currently owned by a thread:  ([mutex/lock_event])
[0x00007f8f9a4168f0] Threads_lock - owner thread: 0x00007f8f9c040800
[0x00007f8f9a416df0] Heap_lock - owner thread: 0x00007f8f9b958000

Heap:
 PSYoungGen      total 38400K, used 28182K [0x0000000795580000, 0x0000000798000000, 0x00000007c0000000)
  eden space 33280K, 84% used [0x0000000795580000,0x0000000797105a48,0x0000000797600000)
  from space 5120K, 0% used [0x0000000797b00000,0x0000000797b00000,0x0000000798000000)
  to   space 5120K, 0% used [0x0000000797600000,0x0000000797600000,0x0000000797b00000)
 ParOldGen       total 87552K, used 0K [0x0000000740000000, 0x0000000745580000, 0x0000000795580000)
  object space 87552K, 0% used [0x0000000740000000,0x0000000740000000,0x0000000745580000)
 Metaspace       used 13087K, capacity 13534K, committed 13568K, reserved 1060864K
  class space    used 1867K, capacity 2019K, committed 2048K, reserved 1048576K

Card table byte_map: [0x000000011b75d000,0x000000011bb5e000] byte_map_base: 0x0000000117d5d000

Marking Bits: (ParMarkBitMap*) 0x000000010bcedd20
 Begin Bits: [0x000000011be09000, 0x000000011de09000)
 End Bits:   [0x000000011de09000, 0x000000011fe09000)

Polling page: 0x000000010aaf3000

CodeCache: size=245760Kb used=3563Kb max_used=3563Kb free=242196Kb
 bounds [0x000000010c39d000, 0x000000010c71d000, 0x000000011b39d000]
 total_blobs=1562 nmethods=970 adapters=505
 compilation: enabled

Compilation events (10 events):
Event: 7.376 Thread 0x00007f8f9a84d000 nmethod 968 0x000000010c706150 code [0x000000010c7062a0, 0x000000010c7063b0]
Event: 7.376 Thread 0x00007f8f9a84d000  969       3       jdk.internal.org.objectweb.asm.MethodWriter::visitAnnotation (82 bytes)
Event: 7.376 Thread 0x00007f8f9a819000 nmethod 967 0x000000010c714110 code [0x000000010c714260, 0x000000010c714318]
Event: 7.377 Thread 0x00007f8f9a84d000 nmethod 969 0x000000010c713510 code [0x000000010c7136e0, 0x000000010c713dd8]
Event: 7.381 Thread 0x00007f8f9a84d000  970       3       jdk.internal.org.objectweb.asm.AnnotationVisitor::<init> (35 bytes)
Event: 7.381 Thread 0x00007f8f9a84d000 nmethod 970 0x000000010c712f50 code [0x000000010c7130e0, 0x000000010c7133e8]
Event: 7.382 Thread 0x00007f8f9a84d000  971       3       jdk.internal.org.objectweb.asm.ClassWriter::toByteArray (1289 bytes)
Event: 7.388 Thread 0x00007f8f9a84d000 nmethod 971 0x000000010c714390 code [0x000000010c714ba0, 0x000000010c718958]
Event: 7.388 Thread 0x00007f8f9a84d000  973       3       jdk.internal.org.objectweb.asm.MethodWriter::visitMaxs (1159 bytes)
Event: 7.388 Thread 0x00007f8f9a819000  975       4       jdk.internal.org.objectweb.asm.ClassWriter::put (152 bytes)

GC Heap History (0 events):
No events

Deoptimization events (10 events):
Event: 1.047 Thread 0x00007f8f9c144000 Uncommon trap: reason=unstable_if action=reinterpret pc=0x000000010c5e3878 method=java.lang.String.replace(CC)Ljava/lang/String; @ 26
Event: 1.258 Thread 0x00007f8f9c144000 Uncommon trap: reason=unstable_if action=reinterpret pc=0x000000010c5e11e0 method=java.lang.CharacterData.of(I)Ljava/lang/CharacterData; @ 4
Event: 1.382 Thread 0x00007f8f9c144000 Uncommon trap: reason=unstable_if action=reinterpret pc=0x000000010c621700 method=java.util.HashMap.hash(Ljava/lang/Object;)I @ 1
Event: 1.455 Thread 0x00007f8f9c144000 Uncommon trap: reason=class_check action=maybe_recompile pc=0x000000010c6c00bc method=java.util.Collections$UnmodifiableList.get(I)Ljava/lang/Object; @ 5
Event: 1.457 Thread 0x00007f8f9c144000 Uncommon trap: reason=class_check action=maybe_recompile pc=0x000000010c6c00bc method=java.util.Collections$UnmodifiableList.get(I)Ljava/lang/Object; @ 5
Event: 1.457 Thread 0x00007f8f9c144000 Uncommon trap: reason=class_check action=maybe_recompile pc=0x000000010c6c00bc method=java.util.Collections$UnmodifiableList.get(I)Ljava/lang/Object; @ 5
Event: 1.458 Thread 0x00007f8f9c144000 Uncommon trap: reason=class_check action=maybe_recompile pc=0x000000010c6c00bc method=java.util.Collections$UnmodifiableList.get(I)Ljava/lang/Object; @ 5
Event: 7.388 Thread 0x00007f8f9c144000 Uncommon trap: reason=bimorphic action=maybe_recompile pc=0x000000010c6cddfc method=java.util.AbstractCollection.isEmpty()Z @ 1
Event: 7.388 Thread 0x00007f8f9c0ee000 Uncommon trap: reason=bimorphic action=maybe_recompile pc=0x000000010c6cddfc method=java.util.AbstractCollection.isEmpty()Z @ 1
Event: 7.389 Thread 0x00007f8f9c0ee000 Uncommon trap: reason=bimorphic action=maybe_recompile pc=0x000000010c6cddfc method=java.util.AbstractCollection.isEmpty()Z @ 1

Internal exceptions (10 events):
Event: 0.194 Thread 0x00007f8f9a80a800 Exception <a 'java/security/PrivilegedActionException'> (0x0000000795849240) thrown at [/HUDSON3/workspace/8-2-build-macosx-x86_64/jdk8u101/7261/hotspot/src/share/vm/prims/jvm.cpp, line 1386]
Event: 0.194 Thread 0x00007f8f9a80a800 Exception <a 'java/security/PrivilegedActionException'> (0x0000000795849450) thrown at [/HUDSON3/workspace/8-2-build-macosx-x86_64/jdk8u101/7261/hotspot/src/share/vm/prims/jvm.cpp, line 1386]
Event: 0.195 Thread 0x00007f8f9a80a800 Exception <a 'java/lang/NullPointerException'> (0x0000000795849c40) thrown at [/HUDSON3/workspace/8-2-build-macosx-x86_64/jdk8u101/7261/hotspot/src/share/vm/interpreter/linkResolver.cpp, line 1178]
Event: 0.511 Thread 0x00007f8f9c144000 Exception <a 'java/io/FileNotFoundException'> (0x0000000795ef9338) thrown at [/HUDSON3/workspace/8-2-build-macosx-x86_64/jdk8u101/7261/hotspot/src/share/vm/prims/jni.cpp, line 709]
Event: 0.511 Thread 0x00007f8f9c144000 Exception <a 'java/io/FileNotFoundException'> (0x0000000795ef9ec0) thrown at [/HUDSON3/workspace/8-2-build-macosx-x86_64/jdk8u101/7261/hotspot/src/share/vm/prims/jni.cpp, line 709]
Event: 0.789 Thread 0x00007f8f9c144000 Exception <a 'java/lang/NullPointerException'> (0x00000007964744a0) thrown at [/HUDSON3/workspace/8-2-build-macosx-x86_64/jdk8u101/7261/hotspot/src/share/vm/interpreter/linkResolver.cpp, line 1178]
Event: 0.789 Thread 0x00007f8f9c144000 Exception <a 'java/lang/NullPointerException'> (0x00000007964744a0) thrown at [/HUDSON3/workspace/8-2-build-macosx-x86_64/jdk8u101/7261/hotspot/src/share/vm/prims/jvm.cpp, line 1390]
Event: 1.382 Thread 0x00007f8f9c144000 Implicit null exception at 0x000000010c6214f5 to 0x000000010c6216f1
Event: 7.376 Thread 0x00007f8f9c144000 Exception <a 'java/lang/NullPointerException'> (0x0000000796ff9208) thrown at [/HUDSON3/workspace/8-2-build-macosx-x86_64/jdk8u101/7261/hotspot/src/share/vm/interpreter/linkResolver.cpp, line 1280]
Event: 7.376 Thread 0x00007f8f9c144000 Exception <a 'java/lang/NullPointerException'> (0x0000000796ff9208) thrown at [/HUDSON3/workspace/8-2-build-macosx-x86_64/jdk8u101/7261/hotspot/src/share/vm/prims/jvm.cpp, line 1390]

Events (10 events):
Event: 7.389 Thread 0x00007f8f9c144000 Thread exited: 0x00007f8f9c144000
Event: 7.389 Thread 0x00007f8f9a807000 Thread exited: 0x00007f8f9a807000
Event: 7.389 Thread 0x00007f8f9a80a800 Thread exited: 0x00007f8f9a80a800
Event: 7.389 Thread 0x00007f8f9b958000 Thread added: 0x00007f8f9b958000
Event: 7.389 loading class java/util/IdentityHashMap$KeyIterator
Event: 7.389 loading class java/util/IdentityHashMap$IdentityHashMapIterator
Event: 7.390 loading class java/util/IdentityHashMap$IdentityHashMapIterator done
Event: 7.390 loading class java/util/IdentityHashMap$KeyIterator done
Event: 7.391 Thread 0x00007f8f9b958000 Thread exited: 0x00007f8f9b958000
Event: 7.391 Thread 0x00007f8f9c04a800 Thread exited: 0x00007f8f9c04a800


Dynamic libraries:
0x000000000aeaa000 	/System/Library/Frameworks/Cocoa.framework/Versions/A/Cocoa
0x000000000aeaa000 	/System/Library/Frameworks/Security.framework/Versions/A/Security
0x000000000aeaa000 	/System/Library/Frameworks/ApplicationServices.framework/Versions/A/ApplicationServices
0x000000000aeaa000 	/usr/lib/libz.1.dylib
0x000000000aeaa000 	/usr/lib/libSystem.B.dylib
0x000000000aeaa000 	/usr/lib/libobjc.A.dylib
0x000000000aeaa000 	/System/Library/Frameworks/CoreFoundation.framework/Versions/A/CoreFoundation
0x000000000aeaa000 	/System/Library/Frameworks/Foundation.framework/Versions/C/Foundation
0x000000000aeaa000 	/System/Library/Frameworks/AppKit.framework/Versions/C/AppKit
0x000000000aeaa000 	/System/Library/Frameworks/CoreData.framework/Versions/A/CoreData
0x000000000aeaa000 	/System/Library/PrivateFrameworks/RemoteViewServices.framework/Versions/A/RemoteViewServices
0x000000000aeaa000 	/System/Library/PrivateFrameworks/UIFoundation.framework/Versions/A/UIFoundation
0x000000000aeaa000 	/usr/lib/libScreenReader.dylib
0x000000000aeaa000 	/System/Library/Frameworks/Accelerate.framework/Versions/A/Accelerate
0x000000000aeaa000 	/System/Library/Frameworks/IOSurface.framework/Versions/A/IOSurface
0x000000000aeaa000 	/System/Library/Frameworks/AudioToolbox.framework/Versions/A/AudioToolbox
0x000000000aeaa000 	/System/Library/Frameworks/AudioUnit.framework/Versions/A/AudioUnit
0x000000000aeaa000 	/System/Library/PrivateFrameworks/DataDetectorsCore.framework/Versions/A/DataDetectorsCore
0x000000000aeaa000 	/System/Library/PrivateFrameworks/DesktopServicesPriv.framework/Versions/A/DesktopServicesPriv
0x000000000aeaa000 	/System/Library/Frameworks/Carbon.framework/Versions/A/Frameworks/HIToolbox.framework/Versions/A/HIToolbox
0x000000000aeaa000 	/System/Library/Frameworks/QuartzCore.framework/Versions/A/QuartzCore
0x000000000aeaa000 	/System/Library/Frameworks/Carbon.framework/Versions/A/Frameworks/SpeechRecognition.framework/Versions/A/SpeechRecognition
0x000000000aeaa000 	/usr/lib/libauto.dylib
0x000000000aeaa000 	/usr/lib/libicucore.A.dylib
0x000000000aeaa000 	/usr/lib/libxml2.2.dylib
0x000000000aeaa000 	/System/Library/PrivateFrameworks/CoreUI.framework/Versions/A/CoreUI
0x000000000aeaa000 	/System/Library/Frameworks/CoreAudio.framework/Versions/A/CoreAudio
0x000000000aeaa000 	/System/Library/Frameworks/DiskArbitration.framework/Versions/A/DiskArbitration
0x000000000aeaa000 	/usr/lib/liblangid.dylib
0x000000000aeaa000 	/System/Library/PrivateFrameworks/MultitouchSupport.framework/Versions/A/MultitouchSupport
0x000000000aeaa000 	/System/Library/Frameworks/IOKit.framework/Versions/A/IOKit
0x000000000aeaa000 	/usr/lib/libDiagnosticMessagesClient.dylib
0x000000000aeaa000 	/System/Library/Frameworks/CoreServices.framework/Versions/A/CoreServices
0x000000000aeaa000 	/System/Library/PrivateFrameworks/PerformanceAnalysis.framework/Versions/A/PerformanceAnalysis
0x000000000aeaa000 	/System/Library/PrivateFrameworks/GenerationalStorage.framework/Versions/A/GenerationalStorage
0x000000000aeaa000 	/System/Library/Frameworks/OpenGL.framework/Versions/A/OpenGL
0x000000000aeaa000 	/System/Library/PrivateFrameworks/Sharing.framework/Versions/A/Sharing
0x000000000aeaa000 	/System/Library/Frameworks/CoreGraphics.framework/Versions/A/CoreGraphics
0x000000000aeaa000 	/System/Library/Frameworks/CoreImage.framework/Versions/A/CoreImage
0x000000000aeaa000 	/System/Library/Frameworks/CoreText.framework/Versions/A/CoreText
0x000000000aeaa000 	/System/Library/Frameworks/ImageIO.framework/Versions/A/ImageIO
0x000000000aeaa000 	/System/Library/PrivateFrameworks/Backup.framework/Versions/A/Backup
0x000000000aeaa000 	/usr/lib/libextension.dylib
0x000000000aeaa000 	/usr/lib/libarchive.2.dylib
0x000000000aeaa000 	/System/Library/Frameworks/CFNetwork.framework/Versions/A/CFNetwork
0x000000000aeaa000 	/System/Library/Frameworks/SystemConfiguration.framework/Versions/A/SystemConfiguration
0x000000000aeaa000 	/usr/lib/libCRFSuite.dylib
0x000000000aeaa000 	/usr/lib/libc++.1.dylib
0x000000000aeaa000 	/usr/lib/libc++abi.dylib
0x000000000aeaa000 	/usr/lib/system/libcache.dylib
0x000000000aeaa000 	/usr/lib/system/libcommonCrypto.dylib
0x000000000aeaa000 	/usr/lib/system/libcompiler_rt.dylib
0x000000000aeaa000 	/usr/lib/system/libcopyfile.dylib
0x000000000aeaa000 	/usr/lib/system/libcorecrypto.dylib
0x000000000aeaa000 	/usr/lib/system/libdispatch.dylib
0x000000000aeaa000 	/usr/lib/system/libdyld.dylib
0x000000000aeaa000 	/usr/lib/system/libkeymgr.dylib
0x000000000aeaa000 	/usr/lib/system/liblaunch.dylib
0x000000000aeaa000 	/usr/lib/system/libmacho.dylib
0x000000000aeaa000 	/usr/lib/system/libquarantine.dylib
0x000000000aeaa000 	/usr/lib/system/libremovefile.dylib
0x000000000aeaa000 	/usr/lib/system/libsystem_asl.dylib
0x000000000aeaa000 	/usr/lib/system/libsystem_blocks.dylib
0x000000000aeaa000 	/usr/lib/system/libsystem_c.dylib
0x000000000aeaa000 	/usr/lib/system/libsystem_configuration.dylib
0x000000000aeaa000 	/usr/lib/system/libsystem_coreservices.dylib
0x000000000aeaa000 	/usr/lib/system/libsystem_coretls.dylib
0x000000000aeaa000 	/usr/lib/system/libsystem_dnssd.dylib
0x000000000aeaa000 	/usr/lib/system/libsystem_info.dylib
0x000000000aeaa000 	/usr/lib/system/libsystem_kernel.dylib
0x000000000aeaa000 	/usr/lib/system/libsystem_m.dylib
0x000000000aeaa000 	/usr/lib/system/libsystem_malloc.dylib
0x000000000aeaa000 	/usr/lib/system/libsystem_network.dylib
0x000000000aeaa000 	/usr/lib/system/libsystem_networkextension.dylib
0x000000000aeaa000 	/usr/lib/system/libsystem_notify.dylib
0x000000000aeaa000 	/usr/lib/system/libsystem_platform.dylib
0x000000000aeaa000 	/usr/lib/system/libsystem_pthread.dylib
0x000000000aeaa000 	/usr/lib/system/libsystem_sandbox.dylib
0x000000000aeaa000 	/usr/lib/system/libsystem_secinit.dylib
0x000000000aeaa000 	/usr/lib/system/libsystem_trace.dylib
0x000000000aeaa000 	/usr/lib/system/libunc.dylib
0x000000000aeaa000 	/usr/lib/system/libunwind.dylib
0x000000000aeaa000 	/usr/lib/system/libxpc.dylib
0x000000000aeaa000 	/usr/lib/libenergytrace.dylib
0x000000000aeaa000 	/usr/lib/libbsm.0.dylib
0x000000000aeaa000 	/usr/lib/system/libkxld.dylib
0x000000000aeaa000 	/usr/lib/libxar.1.dylib
0x000000000aeaa000 	/usr/lib/libsqlite3.dylib
0x000000000aeaa000 	/usr/lib/libpam.2.dylib
0x000000000aeaa000 	/usr/lib/libOpenScriptingUtil.dylib
0x000000000aeaa000 	/usr/lib/libbz2.1.0.dylib
0x000000000aeaa000 	/usr/lib/liblzma.5.dylib
0x000000000aeaa000 	/System/Library/Frameworks/CoreServices.framework/Versions/A/Frameworks/FSEvents.framework/Versions/A/FSEvents
0x000000000aeaa000 	/System/Library/Frameworks/CoreServices.framework/Versions/A/Frameworks/CarbonCore.framework/Versions/A/CarbonCore
0x000000000aeaa000 	/System/Library/Frameworks/CoreServices.framework/Versions/A/Frameworks/Metadata.framework/Versions/A/Metadata
0x000000000aeaa000 	/System/Library/Frameworks/CoreServices.framework/Versions/A/Frameworks/OSServices.framework/Versions/A/OSServices
0x000000000aeaa000 	/System/Library/Frameworks/CoreServices.framework/Versions/A/Frameworks/SearchKit.framework/Versions/A/SearchKit
0x000000000aeaa000 	/System/Library/Frameworks/CoreServices.framework/Versions/A/Frameworks/AE.framework/Versions/A/AE
0x000000000aeaa000 	/System/Library/Frameworks/CoreServices.framework/Versions/A/Frameworks/LaunchServices.framework/Versions/A/LaunchServices
0x000000000aeaa000 	/System/Library/Frameworks/CoreServices.framework/Versions/A/Frameworks/DictionaryServices.framework/Versions/A/DictionaryServices
0x000000000aeaa000 	/System/Library/Frameworks/CoreServices.framework/Versions/A/Frameworks/SharedFileList.framework/Versions/A/SharedFileList
0x000000000aeaa000 	/System/Library/Frameworks/NetFS.framework/Versions/A/NetFS
0x000000000aeaa000 	/System/Library/PrivateFrameworks/NetAuth.framework/Versions/A/NetAuth
0x000000000aeaa000 	/System/Library/PrivateFrameworks/login.framework/Versions/A/Frameworks/loginsupport.framework/Versions/A/loginsupport
0x000000000aeaa000 	/System/Library/PrivateFrameworks/TCC.framework/Versions/A/TCC
0x000000000aeaa000 	/usr/lib/libmecabra.dylib
0x000000000aeaa000 	/System/Library/Frameworks/ApplicationServices.framework/Versions/A/Frameworks/ATS.framework/Versions/A/ATS
0x000000000aeaa000 	/System/Library/Frameworks/ApplicationServices.framework/Versions/A/Frameworks/ColorSync.framework/Versions/A/ColorSync
0x000000000aeaa000 	/System/Library/Frameworks/ApplicationServices.framework/Versions/A/Frameworks/HIServices.framework/Versions/A/HIServices
0x000000000aeaa000 	/System/Library/Frameworks/ApplicationServices.framework/Versions/A/Frameworks/LangAnalysis.framework/Versions/A/LangAnalysis
0x000000000aeaa000 	/System/Library/Frameworks/ApplicationServices.framework/Versions/A/Frameworks/PrintCore.framework/Versions/A/PrintCore
0x000000000aeaa000 	/System/Library/Frameworks/ApplicationServices.framework/Versions/A/Frameworks/QD.framework/Versions/A/QD
0x000000000aeaa000 	/System/Library/Frameworks/ApplicationServices.framework/Versions/A/Frameworks/SpeechSynthesis.framework/Versions/A/SpeechSynthesis
0x000000000aeaa000 	/System/Library/Frameworks/Metal.framework/Versions/A/Metal
0x000000000aeaa000 	/System/Library/Frameworks/Accelerate.framework/Versions/A/Frameworks/vImage.framework/Versions/A/vImage
0x000000000aeaa000 	/System/Library/Frameworks/Accelerate.framework/Versions/A/Frameworks/vecLib.framework/Versions/A/vecLib
0x000000000aeaa000 	/System/Library/Frameworks/Accelerate.framework/Versions/A/Frameworks/vecLib.framework/Versions/A/libvDSP.dylib
0x000000000aeaa000 	/System/Library/Frameworks/Accelerate.framework/Versions/A/Frameworks/vecLib.framework/Versions/A/libvMisc.dylib
0x000000000aeaa000 	/System/Library/Frameworks/Accelerate.framework/Versions/A/Frameworks/vecLib.framework/Versions/A/libLAPACK.dylib
0x000000000aeaa000 	/System/Library/Frameworks/Accelerate.framework/Versions/A/Frameworks/vecLib.framework/Versions/A/libBLAS.dylib
0x000000000aeaa000 	/System/Library/Frameworks/Accelerate.framework/Versions/A/Frameworks/vecLib.framework/Versions/A/libLinearAlgebra.dylib
0x000000000aeaa000 	/System/Library/Frameworks/Accelerate.framework/Versions/A/Frameworks/vecLib.framework/Versions/A/libSparseBLAS.dylib
0x000000000aeaa000 	/System/Library/PrivateFrameworks/GPUCompiler.framework/libmetal_timestamp.dylib
0x000000000aeaa000 	/System/Library/Frameworks/OpenGL.framework/Versions/A/Libraries/libCoreFSCache.dylib
0x000000000aeaa000 	/System/Library/PrivateFrameworks/IOAccelerator.framework/Versions/A/IOAccelerator
0x000000000aeaa000 	/System/Library/Frameworks/ApplicationServices.framework/Versions/A/Frameworks/ATS.framework/Versions/A/Resources/libFontParser.dylib
0x000000000aeaa000 	/System/Library/Frameworks/ApplicationServices.framework/Versions/A/Frameworks/ATS.framework/Versions/A/Resources/libFontRegistry.dylib
0x000000000aeaa000 	/System/Library/PrivateFrameworks/AppleVPA.framework/Versions/A/AppleVPA
0x000000000aeaa000 	/System/Library/PrivateFrameworks/AppleJPEG.framework/Versions/A/AppleJPEG
0x000000000aeaa000 	/System/Library/Frameworks/ImageIO.framework/Versions/A/Resources/libJPEG.dylib
0x000000000aeaa000 	/System/Library/Frameworks/ImageIO.framework/Versions/A/Resources/libTIFF.dylib
0x000000000aeaa000 	/System/Library/Frameworks/ImageIO.framework/Versions/A/Resources/libPng.dylib
0x000000000aeaa000 	/System/Library/Frameworks/ImageIO.framework/Versions/A/Resources/libGIF.dylib
0x000000000aeaa000 	/System/Library/Frameworks/ImageIO.framework/Versions/A/Resources/libJP2.dylib
0x000000000aeaa000 	/System/Library/Frameworks/ImageIO.framework/Versions/A/Resources/libRadiance.dylib
0x000000000aeaa000 	/System/Library/Frameworks/CoreVideo.framework/Versions/A/CoreVideo
0x000000000aeaa000 	/System/Library/Frameworks/OpenGL.framework/Versions/A/Libraries/libGLU.dylib
0x000000000aeaa000 	/System/Library/Frameworks/OpenGL.framework/Versions/A/Libraries/libGFXShared.dylib
0x000000000aeaa000 	/System/Library/Frameworks/OpenGL.framework/Versions/A/Libraries/libGL.dylib
0x000000000aeaa000 	/System/Library/Frameworks/OpenGL.framework/Versions/A/Libraries/libGLImage.dylib
0x000000000aeaa000 	/System/Library/Frameworks/OpenGL.framework/Versions/A/Libraries/libCVMSPluginSupport.dylib
0x000000000aeaa000 	/System/Library/Frameworks/OpenGL.framework/Versions/A/Libraries/libCoreVMClient.dylib
0x000000000aeaa000 	/usr/lib/libcups.2.dylib
0x000000000aeaa000 	/System/Library/Frameworks/Kerberos.framework/Versions/A/Kerberos
0x000000000aeaa000 	/System/Library/Frameworks/GSS.framework/Versions/A/GSS
0x000000000aeaa000 	/usr/lib/libresolv.9.dylib
0x000000000aeaa000 	/usr/lib/libiconv.2.dylib
0x000000000aeaa000 	/System/Library/PrivateFrameworks/Heimdal.framework/Versions/A/Heimdal
0x000000000aeaa000 	/usr/lib/libheimdal-asn1.dylib
0x000000000aeaa000 	/System/Library/Frameworks/OpenDirectory.framework/Versions/A/OpenDirectory
0x000000000aeaa000 	/System/Library/PrivateFrameworks/CommonAuth.framework/Versions/A/CommonAuth
0x000000000aeaa000 	/System/Library/Frameworks/OpenDirectory.framework/Versions/A/Frameworks/CFOpenDirectory.framework/Versions/A/CFOpenDirectory
0x000000000aeaa000 	/System/Library/Frameworks/SecurityFoundation.framework/Versions/A/SecurityFoundation
0x000000000aeaa000 	/System/Library/PrivateFrameworks/LanguageModeling.framework/Versions/A/LanguageModeling
0x000000000aeaa000 	/usr/lib/libmarisa.dylib
0x000000000aeaa000 	/usr/lib/libChineseTokenizer.dylib
0x000000000aeaa000 	/usr/lib/libcmph.dylib
0x000000000aeaa000 	/usr/lib/libcompression.dylib
0x000000000aeaa000 	/System/Library/Frameworks/ServiceManagement.framework/Versions/A/ServiceManagement
0x000000000aeaa000 	/usr/lib/libxslt.1.dylib
0x000000000aeaa000 	/System/Library/Frameworks/Carbon.framework/Versions/A/Frameworks/Ink.framework/Versions/A/Ink
0x000000000aeaa000 	/usr/lib/libFosl_dynamic.dylib
0x000000000aeaa000 	/System/Library/PrivateFrameworks/FaceCore.framework/Versions/A/FaceCore
0x000000000aeaa000 	/System/Library/Frameworks/OpenCL.framework/Versions/A/OpenCL
0x000000000aeaa000 	/System/Library/PrivateFrameworks/CrashReporterSupport.framework/Versions/A/CrashReporterSupport
0x000000000aeaa000 	/System/Library/PrivateFrameworks/IconServices.framework/Versions/A/IconServices
0x000000000aeaa000 	/System/Library/PrivateFrameworks/Apple80211.framework/Versions/A/Apple80211
0x000000000aeaa000 	/System/Library/Frameworks/CoreWLAN.framework/Versions/A/CoreWLAN
0x000000000aeaa000 	/System/Library/Frameworks/IOBluetooth.framework/Versions/A/IOBluetooth
0x000000000aeaa000 	/System/Library/PrivateFrameworks/CoreWiFi.framework/Versions/A/CoreWiFi
0x000000000aeaa000 	/System/Library/Frameworks/CoreBluetooth.framework/Versions/A/CoreBluetooth
0x000000000aeaa000 	/System/Library/PrivateFrameworks/ChunkingLibrary.framework/Versions/A/ChunkingLibrary
0x000000000aeaa000 	/System/Library/PrivateFrameworks/DebugSymbols.framework/Versions/A/DebugSymbols
0x000000000aeaa000 	/System/Library/PrivateFrameworks/CoreSymbolication.framework/Versions/A/CoreSymbolication
0x000000000aeaa000 	/System/Library/PrivateFrameworks/Symbolication.framework/Versions/A/Symbolication
0x000000000aeaa000 	/System/Library/PrivateFrameworks/SpeechRecognitionCore.framework/Versions/A/SpeechRecognitionCore
0x000000010b400000 	/Library/Java/JavaVirtualMachines/jdk1.8.0_101.jdk/Contents/Home/jre/lib/server/libjvm.dylib
0x000000000aeaa000 	/usr/lib/libstdc++.6.dylib
0x000000010aab0000 	/Library/Java/JavaVirtualMachines/jdk1.8.0_101.jdk/Contents/Home/jre/lib/libverify.dylib
0x000000010aabe000 	/Library/Java/JavaVirtualMachines/jdk1.8.0_101.jdk/Contents/Home/jre/lib/libjava.dylib
0x000000010aafd000 	/Library/Java/JavaVirtualMachines/jdk1.8.0_101.jdk/Contents/Home/jre/lib/libzip.dylib
0x0000000121c15000 	/System/Library/Frameworks/JavaVM.framework/Frameworks/JavaRuntimeSupport.framework/JavaRuntimeSupport
0x0000000121c30000 	/System/Library/Frameworks/JavaVM.framework/Versions/A/Frameworks/JavaNativeFoundation.framework/Versions/A/JavaNativeFoundation
0x000000010abf2000 	/System/Library/Frameworks/JavaVM.framework/Versions/A/JavaVM
0x000000000aeaa000 	/System/Library/Frameworks/Carbon.framework/Versions/A/Carbon
0x0000000121c45000 	/System/Library/PrivateFrameworks/JavaLaunching.framework/Versions/A/JavaLaunching
0x000000000aeaa000 	/System/Library/Frameworks/Carbon.framework/Versions/A/Frameworks/CommonPanels.framework/Versions/A/CommonPanels
0x000000000aeaa000 	/System/Library/Frameworks/Carbon.framework/Versions/A/Frameworks/Help.framework/Versions/A/Help
0x000000000aeaa000 	/System/Library/Frameworks/Carbon.framework/Versions/A/Frameworks/ImageCapture.framework/Versions/A/ImageCapture
0x000000000aeaa000 	/System/Library/Frameworks/Carbon.framework/Versions/A/Frameworks/OpenScripting.framework/Versions/A/OpenScripting
0x000000000aeaa000 	/System/Library/Frameworks/Carbon.framework/Versions/A/Frameworks/Print.framework/Versions/A/Print
0x000000000aeaa000 	/System/Library/Frameworks/Carbon.framework/Versions/A/Frameworks/SecurityHI.framework/Versions/A/SecurityHI
0x00000001235ff000 	/Library/Java/JavaVirtualMachines/jdk1.8.0_101.jdk/Contents/Home/jre/lib/libprism_es2.dylib
0x000000000aeaa000 	/System/Library/Frameworks/OpenGL.framework/Versions/A/Resources/GLEngine.bundle/GLEngine
0x000000000aeaa000 	/System/Library/Frameworks/OpenGL.framework/Versions/A/Libraries/libGLProgrammability.dylib
0x0000000123680000 	/System/Library/Extensions/AppleIntelHD4000GraphicsGLDriver.bundle/Contents/MacOS/AppleIntelHD4000GraphicsGLDriver
0x000000000aeaa000 	/System/Library/PrivateFrameworks/GPUSupport.framework/Versions/A/Libraries/libGPUSupportMercury.dylib
0x000000000aeaa000 	/System/Library/Frameworks/OpenGL.framework/Versions/A/Resources/GLRendererFloat.bundle/GLRendererFloat
0x000000000aeaa000 	/System/Library/Frameworks/OpenCL.framework/Versions/A/Libraries/libcldcpuengine.dylib
0x000000000aeaa000 	/System/Library/PrivateFrameworks/DiskImages.framework/Versions/A/DiskImages
0x000000000aeaa000 	/System/Library/Frameworks/DiscRecording.framework/Versions/A/DiscRecording
0x000000000aeaa000 	/usr/lib/libcsfde.dylib
0x000000000aeaa000 	/usr/lib/libcurl.4.dylib
0x000000000aeaa000 	/System/Library/PrivateFrameworks/MediaKit.framework/Versions/A/MediaKit
0x000000000aeaa000 	/System/Library/PrivateFrameworks/ProtectedCloudStorage.framework/Versions/A/ProtectedCloudStorage
0x000000000aeaa000 	/usr/lib/libCoreStorage.dylib
0x000000000aeaa000 	/System/Library/PrivateFrameworks/EFILogin.framework/Versions/A/EFILogin
0x000000000aeaa000 	/usr/lib/libutil.dylib
0x000000000aeaa000 	/System/Library/PrivateFrameworks/FindMyDevice.framework/Versions/A/FindMyDevice
0x000000000aeaa000 	/System/Library/Frameworks/LDAP.framework/Versions/A/LDAP
0x000000000aeaa000 	/usr/lib/libsasl2.2.dylib
0x000000000aeaa000 	/System/Library/PrivateFrameworks/CoreDaemon.framework/Versions/B/CoreDaemon
0x000000000aeaa000 	/usr/lib/libcrypto.0.9.8.dylib
0x000000000aeaa000 	/System/Library/PrivateFrameworks/AppleSRP.framework/Versions/A/AppleSRP
0x000000000aeaa000 	/System/Library/PrivateFrameworks/TrustEvaluationAgent.framework/Versions/A/TrustEvaluationAgent
0x0000000124179000 	/Library/Java/JavaVirtualMachines/jdk1.8.0_101.jdk/Contents/Home/jre/lib/libglass.dylib
0x000000000aeaa000 	/System/Library/PrivateFrameworks/CoreServicesInternal.framework/Versions/A/CoreServicesInternal
0x000000000aeaa000 	/System/Library/CoreServices/RawCamera.bundle/Contents/MacOS/RawCamera
0x000000000aeaa000 	/System/Library/Frameworks/CoreGraphics.framework/Versions/A/Resources/libRIP.A.dylib
0x000000000aeaa000 	/System/Library/Frameworks/Accelerate.framework/Versions/A/Frameworks/vImage.framework/Versions/A/Libraries/libCGInterfaces.dylib
0x000000000aeaa000 	/System/Library/PrivateFrameworks/FamilyControls.framework/Versions/A/FamilyControls
0x000000000aeaa000 	/System/Library/PrivateFrameworks/CommerceKit.framework/Versions/A/Frameworks/CommerceCore.framework/Versions/A/CommerceCore
0x000000000aeaa000 	/System/Library/PrivateFrameworks/SystemAdministration.framework/Versions/A/SystemAdministration
0x000000000aeaa000 	/System/Library/PrivateFrameworks/AppContainer.framework/Versions/A/AppContainer
0x000000000aeaa000 	/System/Library/PrivateFrameworks/SecCodeWrapper.framework/Versions/A/SecCodeWrapper
0x000000000aeaa000 	/System/Library/Frameworks/DirectoryService.framework/Versions/A/DirectoryService
0x000000000aeaa000 	/System/Library/PrivateFrameworks/LoginUIKit.framework/Versions/A/Frameworks/LoginUICore.framework/Versions/A/LoginUICore
0x000000000aeaa000 	/usr/lib/libodfde.dylib
0x0000000126c19000 	/Library/Java/JavaVirtualMachines/jdk1.8.0_101.jdk/Contents/Home/jre/lib/libawt.dylib
0x0000000126cc1000 	/Library/Java/JavaVirtualMachines/jdk1.8.0_101.jdk/Contents/Home/jre/lib/./libmlib_image.dylib
0x0000000126d8d000 	/Library/Java/JavaVirtualMachines/jdk1.8.0_101.jdk/Contents/Home/jre/lib/libawt_lwawt.dylib
0x0000000126e42000 	/Library/Java/JavaVirtualMachines/jdk1.8.0_101.jdk/Contents/Home/jre/lib/./libosxapp.dylib
0x000000000aeaa000 	/System/Library/Frameworks/ExceptionHandling.framework/Versions/A/ExceptionHandling
0x0000000126efd000 	/Library/Java/JavaVirtualMachines/jdk1.8.0_101.jdk/Contents/Home/jre/lib/libfontmanager.dylib
0x000000000aeaa000 	/System/Library/Frameworks/CoreGraphics.framework/Versions/A/Resources/libCGXType.A.dylib
0x00000001286ef000 	cl_kernels
0x000000000aeaa000 	/System/Library/Frameworks/OpenCL.framework/Versions/A/Libraries/ImageFormats/unorm8_bgra.dylib
0x000000000aeaa000 	/System/Library/Frameworks/OpenCL.framework/Versions/A/Libraries/ImageFormats/unorm8_rgba.dylib
0x00000001286dd000 	/Library/Java/JavaVirtualMachines/jdk1.8.0_101.jdk/Contents/Home/jre/lib/libjavafx_font.dylib
0x0000000129628000 	/System/Library/Extensions/AppleIntelHD4000GraphicsMTLDriver.bundle/Contents/MacOS/AppleIntelHD4000GraphicsMTLDriver

VM Arguments:
jvm_args: -Dfile.encoding=UTF-8 
java_command: de.dhbw.mannheim.vierpunkt.gui.TestGui
java_class_path (initial): /Users/janaschaub/Documents/vierpunkt/bin:/Users/janaschaub/Documents/vierpunkt/hsqldb/lib/hsqldb.jar:/Users/janaschaub/Documents/vierpunkt/pusher/pusher-java-client-1.2.2-jar-with-dependencies.jar:/Users/janaschaub/Documents/vierpunkt/pusher/commons-codec-1.10.jar:/Users/janaschaub/Documents/vierpunkt/pusher/pusher-http-java-1.0.0.jar:/Users/janaschaub/Documents/vierpunkt/pusher/httpclient-4.3.4.jar:/Users/janaschaub/Documents/vierpunkt/pusher/httpcore-4.3.2.jar:/Users/janaschaub/Documents/vierpunkt/pusher/commons-logging-1.1.3.jar:/Users/janaschaub/Documents/vierpunkt/pusher/gson-2.2.4.jar
Launcher Type: SUN_STANDARD

Environment Variables:
PATH=/usr/bin:/bin:/usr/sbin:/sbin
SHELL=/bin/bash

Signal Handlers:
SIGSEGV: [libjvm.dylib+0x5af145], sa_mask[0]=11111111011111110111111111111111, sa_flags=SA_ONSTACK|SA_RESTART|SA_SIGINFO
SIGBUS: [libjvm.dylib+0x5af145], sa_mask[0]=11111111011111110111111111111111, sa_flags=SA_RESTART|SA_SIGINFO
SIGFPE: [libjvm.dylib+0x48694c], sa_mask[0]=11111111011111110111111111111111, sa_flags=SA_RESTART|SA_SIGINFO
SIGPIPE: [libjvm.dylib+0x48694c], sa_mask[0]=11111111011111110111111111111111, sa_flags=SA_RESTART|SA_SIGINFO
SIGXFSZ: [libjvm.dylib+0x48694c], sa_mask[0]=11111111011111110111111111111111, sa_flags=SA_RESTART|SA_SIGINFO
SIGILL: [libjvm.dylib+0x48694c], sa_mask[0]=11111111011111110111111111111111, sa_flags=SA_RESTART|SA_SIGINFO
SIGUSR1: SIG_DFL, sa_mask[0]=00000000000000000000000000000000, sa_flags=none
SIGUSR2: [libjvm.dylib+0x48646a], sa_mask[0]=00100000000000000000000000000000, sa_flags=SA_RESTART|SA_SIGINFO
SIGHUP: [libjvm.dylib+0x484a41], sa_mask[0]=11111111011111110111111111111111, sa_flags=SA_RESTART|SA_SIGINFO
SIGINT: [libjvm.dylib+0x484a41], sa_mask[0]=11111111011111110111111111111111, sa_flags=SA_RESTART|SA_SIGINFO
SIGTERM: [libjvm.dylib+0x484a41], sa_mask[0]=11111111011111110111111111111111, sa_flags=SA_RESTART|SA_SIGINFO
SIGQUIT: [libjvm.dylib+0x484a41], sa_mask[0]=11111111011111110111111111111111, sa_flags=SA_RESTART|SA_SIGINFO


---------------  S Y S T E M  ---------------

OS:Bsduname:Darwin 15.4.0 Darwin Kernel Version 15.4.0: Fri Feb 26 22:08:05 PST 2016; root:xnu-3248.40.184~3/RELEASE_X86_64 x86_64
rlimit: STACK 8192k, CORE 0k, NPROC 709, NOFILE 10240, AS infinity
load average:2.44 2.06 1.90

CPU:total 4 (2 cores per cpu, 2 threads per core) family 6 model 58 stepping 9, cmov, cx8, fxsr, mmx, sse, sse2, sse3, ssse3, sse4.1, sse4.2, popcnt, avx, aes, clmul, erms, ht, tsc, tscinvbit, tscinv

Memory: 4k page, physical 8388608k(1312040k free)

/proc/meminfo:


vm_info: Java HotSpot(TM) 64-Bit Server VM (25.101-b13) for bsd-amd64 JRE (1.8.0_101-b13), built on Jun 22 2016 02:42:15 by "java_re" with gcc 4.2.1 (Based on Apple Inc. build 5658) (LLVM build 2336.11.00)

time: Wed Oct 19 15:18:27 2016
elapsed time: 7 seconds (0d 0h 0m 7s)

