/*C45*/SET SCHEMA PUBLIC
INSERT INTO GAME VALUES(20,'1','2',NULL)
COMMIT
/*C47*/SET SCHEMA PUBLIC
INSERT INTO MATCH VALUES(20,20,0,NULL)
COMMIT
/*C49*/SET SCHEMA PUBLIC
INSERT INTO GAME VALUES(21,'1','2',NULL)
COMMIT
/*C51*/SET SCHEMA PUBLIC
INSERT INTO MATCH VALUES(21,21,1,NULL)
COMMIT
/*C53*/SET SCHEMA PUBLIC
INSERT INTO TURN VALUES(146,21,'1',0,0)
COMMIT
/*C54*/SET SCHEMA PUBLIC
INSERT INTO TURN VALUES(147,21,'1',3,0)
COMMIT
/*C55*/SET SCHEMA PUBLIC
INSERT INTO TURN VALUES(148,21,'1',1,0)
COMMIT
/*C56*/SET SCHEMA PUBLIC
INSERT INTO TURN VALUES(149,21,'1',3,0)
COMMIT
/*C57*/SET SCHEMA PUBLIC
INSERT INTO TURN VALUES(150,21,'1',4,0)
COMMIT
/*C58*/SET SCHEMA PUBLIC
INSERT INTO TURN VALUES(151,21,'1',3,0)
COMMIT
/*C59*/SET SCHEMA PUBLIC
INSERT INTO TURN VALUES(152,21,'1',6,0)
COMMIT
/*C60*/SET SCHEMA PUBLIC
INSERT INTO TURN VALUES(153,21,'1',3,0)
COMMIT
